2025-05-11 20:26:38.300 [info] [main] Log level: Info
2025-05-11 20:26:38.300 [info] [main] Validating found git in: "git"
2025-05-11 20:26:38.300 [info] [main] Using git "2.49.0" from "git"
2025-05-11 20:26:38.300 [info] [Model][doInitialScan] Initial repository scan started
2025-05-11 20:26:38.300 [info] > git rev-parse --show-toplevel [2ms]
2025-05-11 20:26:38.300 [info] fatal: not a git repository (or any of the parent directories): .git
2025-05-11 20:26:38.300 [info] > git rev-parse --show-toplevel [3ms]
2025-05-11 20:26:38.300 [info] fatal: not a git repository (or any of the parent directories): .git
2025-05-11 20:26:38.306 [info] > git rev-parse --show-toplevel [2ms]
2025-05-11 20:26:38.306 [info] fatal: not a git repository (or any of the parent directories): .git
2025-05-11 20:26:38.456 [info] > git rev-parse --show-toplevel [3ms]
2025-05-11 20:26:38.456 [info] fatal: not a git repository (or any of the parent directories): .git
2025-05-11 20:26:38.482 [info] > git rev-parse --show-toplevel [23ms]
2025-05-11 20:26:38.482 [info] fatal: not a git repository (or any of the parent directories): .git
2025-05-11 20:26:38.486 [info] > git rev-parse --show-toplevel [1ms]
2025-05-11 20:26:38.486 [info] fatal: not a git repository (or any of the parent directories): .git
2025-05-11 20:26:38.489 [info] > git rev-parse --show-toplevel [0ms]
2025-05-11 20:26:38.489 [info] fatal: not a git repository (or any of the parent directories): .git
2025-05-11 20:26:38.493 [info] > git rev-parse --show-toplevel [0ms]
2025-05-11 20:26:38.493 [info] fatal: not a git repository (or any of the parent directories): .git
2025-05-11 20:26:38.497 [info] > git rev-parse --show-toplevel [0ms]
2025-05-11 20:26:38.497 [info] fatal: not a git repository (or any of the parent directories): .git
2025-05-11 20:26:38.502 [info] > git rev-parse --show-toplevel [1ms]
2025-05-11 20:26:38.502 [info] fatal: not a git repository (or any of the parent directories): .git
2025-05-11 20:26:38.507 [info] > git rev-parse --show-toplevel [2ms]
2025-05-11 20:26:38.507 [info] fatal: not a git repository (or any of the parent directories): .git
2025-05-11 20:26:38.511 [info] > git rev-parse --show-toplevel [0ms]
2025-05-11 20:26:38.511 [info] fatal: not a git repository (or any of the parent directories): .git
2025-05-11 20:26:38.515 [info] > git rev-parse --show-toplevel [0ms]
2025-05-11 20:26:38.515 [info] fatal: not a git repository (or any of the parent directories): .git
2025-05-11 20:26:38.519 [info] > git rev-parse --show-toplevel [0ms]
2025-05-11 20:26:38.519 [info] fatal: not a git repository (or any of the parent directories): .git
2025-05-11 20:26:38.524 [info] > git rev-parse --show-toplevel [1ms]
2025-05-11 20:26:38.524 [info] fatal: not a git repository (or any of the parent directories): .git
2025-05-11 20:26:38.528 [info] > git rev-parse --show-toplevel [1ms]
2025-05-11 20:26:38.528 [info] fatal: not a git repository (or any of the parent directories): .git
2025-05-11 20:26:38.533 [info] > git rev-parse --show-toplevel [1ms]
2025-05-11 20:26:38.533 [info] fatal: not a git repository (or any of the parent directories): .git
2025-05-11 20:26:38.566 [info] > git rev-parse --show-toplevel [30ms]
2025-05-11 20:26:38.566 [info] fatal: not a git repository (or any of the parent directories): .git
2025-05-11 20:26:38.571 [info] > git rev-parse --show-toplevel [1ms]
2025-05-11 20:26:38.571 [info] fatal: not a git repository (or any of the parent directories): .git
2025-05-11 20:26:38.575 [info] > git rev-parse --show-toplevel [0ms]
2025-05-11 20:26:38.576 [info] fatal: not a git repository (or any of the parent directories): .git
2025-05-11 20:26:38.580 [info] > git rev-parse --show-toplevel [1ms]
2025-05-11 20:26:38.580 [info] fatal: not a git repository (or any of the parent directories): .git
2025-05-11 20:26:38.584 [info] > git rev-parse --show-toplevel [1ms]
2025-05-11 20:26:38.584 [info] fatal: not a git repository (or any of the parent directories): .git
2025-05-11 20:26:38.588 [info] > git rev-parse --show-toplevel [0ms]
2025-05-11 20:26:38.588 [info] fatal: not a git repository (or any of the parent directories): .git
2025-05-11 20:26:38.592 [info] > git rev-parse --show-toplevel [0ms]
2025-05-11 20:26:38.592 [info] fatal: not a git repository (or any of the parent directories): .git
2025-05-11 20:26:38.596 [info] > git rev-parse --show-toplevel [0ms]
2025-05-11 20:26:38.596 [info] fatal: not a git repository (or any of the parent directories): .git
2025-05-11 20:26:38.608 [info] > git rev-parse --show-toplevel [2ms]
2025-05-11 20:26:38.608 [info] fatal: not a git repository (or any of the parent directories): .git
2025-05-11 20:26:38.613 [info] > git rev-parse --show-toplevel [0ms]
2025-05-11 20:26:38.613 [info] fatal: not a git repository (or any of the parent directories): .git
2025-05-11 20:26:38.616 [info] > git rev-parse --show-toplevel [1ms]
2025-05-11 20:26:38.616 [info] fatal: not a git repository (or any of the parent directories): .git
2025-05-11 20:26:38.619 [info] > git rev-parse --show-toplevel [0ms]
2025-05-11 20:26:38.619 [info] fatal: not a git repository (or any of the parent directories): .git
2025-05-11 20:26:38.624 [info] > git rev-parse --show-toplevel [1ms]
2025-05-11 20:26:38.624 [info] fatal: not a git repository (or any of the parent directories): .git
2025-05-11 20:26:38.628 [info] > git rev-parse --show-toplevel [1ms]
2025-05-11 20:26:38.628 [info] fatal: not a git repository (or any of the parent directories): .git
2025-05-11 20:26:38.630 [info] [Model][doInitialScan] Initial repository scan completed - repositories (0), closed repositories (0), parent repositories (0), unsafe repositories (0)
