2025-05-27 19:14:50.358 [info] ComputeTargetPlatform: linux-x64
2025-05-27 19:14:52.631 [info] ComputeTargetPlatform: linux-x64
2025-05-27 19:16:33.828 [info] Getting Manifest... ms-python.python
2025-05-27 19:16:33.897 [info] Installing extension: ms-python.python {"isMachineScoped":false,"profileLocation":{"$mid":1,"external":"vscode-userdata:/home/josh/.vscode/extensions/extensions.json","path":"/home/josh/.vscode/extensions/extensions.json","scheme":"vscode-userdata"},"isApplicationScoped":false,"productVersion":{"version":"1.100.2","date":"2025-05-14T21:47:40.416Z"}}
2025-05-27 19:16:34.294 [info] Getting Manifest... ms-python.vscode-pylance
2025-05-27 19:16:34.317 [info] Getting Manifest... ms-python.debugpy
2025-05-27 19:16:34.361 [info] Installing extension: ms-python.vscode-pylance {"isMachineScoped":false,"profileLocation":{"$mid":1,"external":"vscode-userdata:/home/josh/.vscode/extensions/extensions.json","path":"/home/josh/.vscode/extensions/extensions.json","scheme":"vscode-userdata"},"isApplicationScoped":false,"productVersion":{"version":"1.100.2","date":"2025-05-14T21:47:40.416Z"},"pinned":false,"installGivenVersion":false,"context":{"dependecyOrPackExtensionInstall":true}}
2025-05-27 19:16:34.361 [info] Installing extension: ms-python.debugpy {"isMachineScoped":false,"profileLocation":{"$mid":1,"external":"vscode-userdata:/home/josh/.vscode/extensions/extensions.json","path":"/home/josh/.vscode/extensions/extensions.json","scheme":"vscode-userdata"},"isApplicationScoped":false,"productVersion":{"version":"1.100.2","date":"2025-05-14T21:47:40.416Z"},"pinned":false,"installGivenVersion":false,"context":{"dependecyOrPackExtensionInstall":true}}
2025-05-27 19:16:36.968 [info] Extension signature verification result for ms-python.python: Success. Internal Code: 0. Executed: true. Duration: 913ms.
2025-05-27 19:16:37.443 [info] Extracted extension to file:///home/josh/.vscode/extensions/ms-python.python-2025.6.1-linux-x64: ms-python.python
2025-05-27 19:16:37.469 [info] Renamed to /home/josh/.vscode/extensions/ms-python.python-2025.6.1-linux-x64
2025-05-27 19:16:37.971 [info] Extension signature verification result for ms-python.debugpy: Success. Internal Code: 0. Executed: true. Duration: 345ms.
2025-05-27 19:16:38.161 [info] Extracted extension to file:///home/josh/.vscode/extensions/ms-python.debugpy-2025.8.0-linux-x64: ms-python.debugpy
2025-05-27 19:16:38.168 [info] Renamed to /home/josh/.vscode/extensions/ms-python.debugpy-2025.8.0-linux-x64
2025-05-27 19:16:39.426 [info] Extension signature verification result for ms-python.vscode-pylance: Success. Internal Code: 0. Executed: true. Duration: 392ms.
2025-05-27 19:16:40.611 [info] Extracted extension to file:///home/josh/.vscode/extensions/ms-python.vscode-pylance-2025.5.1: ms-python.vscode-pylance
2025-05-27 19:16:40.694 [info] Renamed to /home/josh/.vscode/extensions/ms-python.vscode-pylance-2025.5.1
2025-05-27 19:16:40.707 [info] Extension installed successfully: ms-python.python vscode-userdata:/home/josh/.vscode/extensions/extensions.json
2025-05-27 19:16:40.707 [info] Extension installed successfully: ms-python.debugpy vscode-userdata:/home/josh/.vscode/extensions/extensions.json
2025-05-27 19:16:40.707 [info] Extension installed successfully: ms-python.vscode-pylance vscode-userdata:/home/josh/.vscode/extensions/extensions.json
