2025-05-17 16:26:06.643 [info] [main] Log level: Info
2025-05-17 16:26:06.644 [info] [main] Validating found git in: "git"
2025-05-17 16:26:06.644 [info] [main] Using git "2.49.0" from "git"
2025-05-17 16:26:06.644 [info] [Model][doInitialScan] Initial repository scan started
2025-05-17 16:26:06.644 [info] > git rev-parse --show-toplevel [15ms]
2025-05-17 16:26:06.644 [info] fatal: not a git repository (or any of the parent directories): .git
2025-05-17 16:26:06.644 [info] > git rev-parse --show-toplevel [6ms]
2025-05-17 16:26:06.644 [info] fatal: not a git repository (or any of the parent directories): .git
2025-05-17 16:26:06.649 [info] > git rev-parse --show-toplevel [1ms]
2025-05-17 16:26:06.649 [info] fatal: not a git repository (or any of the parent directories): .git
2025-05-17 16:26:06.652 [info] > git rev-parse --show-toplevel [1ms]
2025-05-17 16:26:06.652 [info] fatal: not a git repository (or any of the parent directories): .git
2025-05-17 16:26:06.673 [info] > git rev-parse --show-toplevel [19ms]
2025-05-17 16:26:06.673 [info] fatal: not a git repository (or any of the parent directories): .git
2025-05-17 16:26:06.676 [info] > git rev-parse --show-toplevel [1ms]
2025-05-17 16:26:06.676 [info] fatal: not a git repository (or any of the parent directories): .git
2025-05-17 16:26:06.679 [info] > git rev-parse --show-toplevel [1ms]
2025-05-17 16:26:06.679 [info] fatal: not a git repository (or any of the parent directories): .git
2025-05-17 16:26:06.682 [info] > git rev-parse --show-toplevel [1ms]
2025-05-17 16:26:06.682 [info] fatal: not a git repository (or any of the parent directories): .git
2025-05-17 16:26:06.684 [info] > git rev-parse --show-toplevel [0ms]
2025-05-17 16:26:06.684 [info] fatal: not a git repository (or any of the parent directories): .git
2025-05-17 16:26:06.687 [info] > git rev-parse --show-toplevel [0ms]
2025-05-17 16:26:06.687 [info] fatal: not a git repository (or any of the parent directories): .git
2025-05-17 16:26:06.689 [info] > git rev-parse --show-toplevel [0ms]
2025-05-17 16:26:06.689 [info] fatal: not a git repository (or any of the parent directories): .git
2025-05-17 16:26:06.692 [info] > git rev-parse --show-toplevel [0ms]
2025-05-17 16:26:06.692 [info] fatal: not a git repository (or any of the parent directories): .git
2025-05-17 16:26:06.695 [info] > git rev-parse --show-toplevel [1ms]
2025-05-17 16:26:06.695 [info] fatal: not a git repository (or any of the parent directories): .git
2025-05-17 16:26:06.697 [info] > git rev-parse --show-toplevel [0ms]
2025-05-17 16:26:06.697 [info] fatal: not a git repository (or any of the parent directories): .git
2025-05-17 16:26:06.700 [info] > git rev-parse --show-toplevel [1ms]
2025-05-17 16:26:06.700 [info] fatal: not a git repository (or any of the parent directories): .git
2025-05-17 16:26:06.703 [info] > git rev-parse --show-toplevel [0ms]
2025-05-17 16:26:06.703 [info] fatal: not a git repository (or any of the parent directories): .git
2025-05-17 16:26:06.705 [info] > git rev-parse --show-toplevel [0ms]
2025-05-17 16:26:06.705 [info] fatal: not a git repository (or any of the parent directories): .git
2025-05-17 16:26:06.708 [info] > git rev-parse --show-toplevel [1ms]
2025-05-17 16:26:06.708 [info] fatal: not a git repository (or any of the parent directories): .git
2025-05-17 16:26:06.710 [info] > git rev-parse --show-toplevel [0ms]
2025-05-17 16:26:06.710 [info] fatal: not a git repository (or any of the parent directories): .git
2025-05-17 16:26:06.713 [info] > git rev-parse --show-toplevel [1ms]
2025-05-17 16:26:06.713 [info] fatal: not a git repository (or any of the parent directories): .git
2025-05-17 16:26:06.719 [info] > git rev-parse --show-toplevel [4ms]
2025-05-17 16:26:06.719 [info] fatal: not a git repository (or any of the parent directories): .git
2025-05-17 16:26:06.724 [info] > git rev-parse --show-toplevel [2ms]
2025-05-17 16:26:06.724 [info] fatal: not a git repository (or any of the parent directories): .git
2025-05-17 16:26:06.727 [info] > git rev-parse --show-toplevel [1ms]
2025-05-17 16:26:06.727 [info] fatal: not a git repository (or any of the parent directories): .git
2025-05-17 16:26:06.729 [info] > git rev-parse --show-toplevel [0ms]
2025-05-17 16:26:06.729 [info] fatal: not a git repository (or any of the parent directories): .git
2025-05-17 16:26:06.732 [info] > git rev-parse --show-toplevel [0ms]
2025-05-17 16:26:06.732 [info] fatal: not a git repository (or any of the parent directories): .git
2025-05-17 16:26:06.735 [info] > git rev-parse --show-toplevel [1ms]
2025-05-17 16:26:06.735 [info] fatal: not a git repository (or any of the parent directories): .git
2025-05-17 16:26:06.737 [info] > git rev-parse --show-toplevel [0ms]
2025-05-17 16:26:06.737 [info] fatal: not a git repository (or any of the parent directories): .git
2025-05-17 16:26:06.740 [info] > git rev-parse --show-toplevel [1ms]
2025-05-17 16:26:06.740 [info] fatal: not a git repository (or any of the parent directories): .git
2025-05-17 16:26:06.745 [info] > git rev-parse --show-toplevel [3ms]
2025-05-17 16:26:06.745 [info] fatal: not a git repository (or any of the parent directories): .git
2025-05-17 16:26:06.747 [info] > git rev-parse --show-toplevel [0ms]
2025-05-17 16:26:06.747 [info] fatal: not a git repository (or any of the parent directories): .git
2025-05-17 16:26:06.750 [info] > git rev-parse --show-toplevel [1ms]
2025-05-17 16:26:06.750 [info] fatal: not a git repository (or any of the parent directories): .git
2025-05-17 16:26:06.752 [info] > git rev-parse --show-toplevel [0ms]
2025-05-17 16:26:06.752 [info] fatal: not a git repository (or any of the parent directories): .git
2025-05-17 16:26:06.755 [info] > git rev-parse --show-toplevel [1ms]
2025-05-17 16:26:06.755 [info] fatal: not a git repository (or any of the parent directories): .git
2025-05-17 16:26:06.756 [info] [Model][doInitialScan] Initial repository scan completed - repositories (0), closed repositories (0), parent repositories (0), unsafe repositories (0)
2025-05-17 16:26:08.565 [info] > git rev-parse --show-toplevel [1ms]
2025-05-17 16:26:08.565 [info] fatal: not a git repository (or any of the parent directories): .git
