2025-05-26 12:38:32.272 [info] [main] Log level: Info
2025-05-26 12:38:32.272 [info] [main] Validating found git in: "git"
2025-05-26 12:38:32.272 [info] [main] Using git "2.49.0" from "git"
2025-05-26 12:38:32.272 [info] [Model][doInitialScan] Initial repository scan started
2025-05-26 12:38:32.272 [info] > git rev-parse --show-toplevel [16ms]
2025-05-26 12:38:32.272 [info] fatal: not a git repository (or any of the parent directories): .git
2025-05-26 12:38:32.272 [info] > git rev-parse --show-toplevel [1ms]
2025-05-26 12:38:32.272 [info] fatal: not a git repository (or any of the parent directories): .git
2025-05-26 12:38:32.276 [info] > git rev-parse --show-toplevel [1ms]
2025-05-26 12:38:32.276 [info] fatal: not a git repository (or any of the parent directories): .git
2025-05-26 12:38:32.277 [info] [Model][doInitialScan] Initial repository scan completed - repositories (0), closed repositories (0), parent repositories (0), unsafe repositories (0)
2025-05-26 12:38:34.078 [info] > git rev-parse --show-toplevel [0ms]
2025-05-26 12:38:34.078 [info] fatal: not a git repository (or any of the parent directories): .git
2025-05-26 12:38:34.191 [info] > git rev-parse --show-toplevel [1ms]
2025-05-26 12:38:34.191 [info] fatal: not a git repository (or any of the parent directories): .git
2025-05-26 12:38:41.219 [info] > git rev-parse --show-toplevel [0ms]
2025-05-26 12:38:41.220 [info] fatal: not a git repository (or any of the parent directories): .git
2025-05-26 12:38:43.715 [info] > git rev-parse --show-toplevel [1ms]
2025-05-26 12:38:43.715 [info] fatal: not a git repository (or any of the parent directories): .git
2025-05-26 12:38:48.878 [info] > git rev-parse --show-toplevel [1ms]
2025-05-26 12:38:48.878 [info] fatal: not a git repository (or any of the parent directories): .git
2025-05-26 12:38:59.097 [info] > git rev-parse --show-toplevel [1ms]
2025-05-26 12:38:59.097 [info] fatal: not a git repository (or any of the parent directories): .git
