2025-05-13 14:39:08.234 [info] [main] Log level: Info
2025-05-13 14:39:08.234 [info] [main] Validating found git in: "git"
2025-05-13 14:39:08.234 [info] [main] Using git "2.49.0" from "git"
2025-05-13 14:39:08.234 [info] [Model][doInitialScan] Initial repository scan started
2025-05-13 14:39:08.234 [info] > git rev-parse --show-toplevel [33ms]
2025-05-13 14:39:08.234 [info] fatal: not a git repository (or any of the parent directories): .git
2025-05-13 14:39:08.234 [info] > git rev-parse --show-toplevel [2ms]
2025-05-13 14:39:08.234 [info] fatal: not a git repository (or any of the parent directories): .git
2025-05-13 14:39:08.242 [info] > git rev-parse --show-toplevel [0ms]
2025-05-13 14:39:08.242 [info] fatal: not a git repository (or any of the parent directories): .git
2025-05-13 14:39:08.246 [info] > git rev-parse --show-toplevel [1ms]
2025-05-13 14:39:08.246 [info] fatal: not a git repository (or any of the parent directories): .git
2025-05-13 14:39:08.250 [info] > git rev-parse --show-toplevel [1ms]
2025-05-13 14:39:08.250 [info] fatal: not a git repository (or any of the parent directories): .git
2025-05-13 14:39:08.281 [info] > git rev-parse --show-toplevel [28ms]
2025-05-13 14:39:08.281 [info] fatal: not a git repository (or any of the parent directories): .git
2025-05-13 14:39:08.286 [info] > git rev-parse --show-toplevel [1ms]
2025-05-13 14:39:08.286 [info] fatal: not a git repository (or any of the parent directories): .git
2025-05-13 14:39:08.290 [info] > git rev-parse --show-toplevel [1ms]
2025-05-13 14:39:08.290 [info] fatal: not a git repository (or any of the parent directories): .git
2025-05-13 14:39:08.294 [info] > git rev-parse --show-toplevel [0ms]
2025-05-13 14:39:08.294 [info] fatal: not a git repository (or any of the parent directories): .git
2025-05-13 14:39:08.297 [info] > git rev-parse --show-toplevel [0ms]
2025-05-13 14:39:08.297 [info] fatal: not a git repository (or any of the parent directories): .git
2025-05-13 14:39:08.301 [info] > git rev-parse --show-toplevel [1ms]
2025-05-13 14:39:08.301 [info] fatal: not a git repository (or any of the parent directories): .git
2025-05-13 14:39:08.305 [info] > git rev-parse --show-toplevel [1ms]
2025-05-13 14:39:08.305 [info] fatal: not a git repository (or any of the parent directories): .git
2025-05-13 14:39:08.309 [info] > git rev-parse --show-toplevel [1ms]
2025-05-13 14:39:08.309 [info] fatal: not a git repository (or any of the parent directories): .git
2025-05-13 14:39:08.312 [info] > git rev-parse --show-toplevel [0ms]
2025-05-13 14:39:08.312 [info] fatal: not a git repository (or any of the parent directories): .git
2025-05-13 14:39:08.316 [info] > git rev-parse --show-toplevel [1ms]
2025-05-13 14:39:08.316 [info] fatal: not a git repository (or any of the parent directories): .git
2025-05-13 14:39:08.319 [info] > git rev-parse --show-toplevel [1ms]
2025-05-13 14:39:08.319 [info] fatal: not a git repository (or any of the parent directories): .git
2025-05-13 14:39:08.322 [info] > git rev-parse --show-toplevel [0ms]
2025-05-13 14:39:08.322 [info] fatal: not a git repository (or any of the parent directories): .git
2025-05-13 14:39:08.326 [info] > git rev-parse --show-toplevel [1ms]
2025-05-13 14:39:08.326 [info] fatal: not a git repository (or any of the parent directories): .git
2025-05-13 14:39:08.330 [info] > git rev-parse --show-toplevel [1ms]
2025-05-13 14:39:08.330 [info] fatal: not a git repository (or any of the parent directories): .git
2025-05-13 14:39:08.343 [info] > git rev-parse --show-toplevel [9ms]
2025-05-13 14:39:08.343 [info] fatal: not a git repository (or any of the parent directories): .git
2025-05-13 14:39:08.349 [info] > git rev-parse --show-toplevel [1ms]
2025-05-13 14:39:08.349 [info] fatal: not a git repository (or any of the parent directories): .git
2025-05-13 14:39:08.354 [info] > git rev-parse --show-toplevel [1ms]
2025-05-13 14:39:08.354 [info] fatal: not a git repository (or any of the parent directories): .git
2025-05-13 14:39:08.360 [info] > git rev-parse --show-toplevel [3ms]
2025-05-13 14:39:08.360 [info] fatal: not a git repository (or any of the parent directories): .git
2025-05-13 14:39:08.364 [info] > git rev-parse --show-toplevel [1ms]
2025-05-13 14:39:08.364 [info] fatal: not a git repository (or any of the parent directories): .git
2025-05-13 14:39:08.369 [info] > git rev-parse --show-toplevel [1ms]
2025-05-13 14:39:08.369 [info] fatal: not a git repository (or any of the parent directories): .git
2025-05-13 14:39:08.376 [info] > git rev-parse --show-toplevel [2ms]
2025-05-13 14:39:08.376 [info] fatal: not a git repository (or any of the parent directories): .git
2025-05-13 14:39:08.380 [info] > git rev-parse --show-toplevel [1ms]
2025-05-13 14:39:08.380 [info] fatal: not a git repository (or any of the parent directories): .git
2025-05-13 14:39:08.392 [info] > git rev-parse --show-toplevel [7ms]
2025-05-13 14:39:08.392 [info] fatal: not a git repository (or any of the parent directories): .git
2025-05-13 14:39:08.394 [info] [Model][doInitialScan] Initial repository scan completed - repositories (0), closed repositories (0), parent repositories (0), unsafe repositories (0)
2025-05-13 14:39:09.745 [info] > git rev-parse --show-toplevel [2ms]
2025-05-13 14:39:09.745 [info] fatal: not a git repository (or any of the parent directories): .git
