    OpenRGB v0.9
    Commit:  from 
    Launched: 20250508_004351
====================================================================================================

0     |Info:    Found file: uwu.orp attempting to validate header
0     |Info:    Valid v4 profile found for uwu
1003  |Info:    ------------------------------------------------------
1003  |Info:    |               Start device detection               |
1003  |Info:    ------------------------------------------------------
1003  |Info:    Initializing HID interfaces: Success
1012  |Info:    ------------------------------------------------------
1012  |Info:    |             Detecting I2C interfaces               |
1012  |Info:    ------------------------------------------------------
1012  |Info:    Registering I2C interface: /dev/i2c-3 Device 10DE:28A0 Subsystem: 1462:13CC
1012  |Info:    Registering I2C interface: /dev/i2c-ELAN0305:00 Device 0000:0000 Subsystem: 0000:0000
1013  |Info:    Registering I2C interface: /dev/i2c-4 Device 10DE:28A0 Subsystem: 1462:13CC
1013  |Info:    Registering I2C interface: /dev/i2c-0 Device 10DE:28A0 Subsystem: 1462:13CC
1013  |Info:    ------------------------------------------------------
1013  |Info:    |               Detecting I2C devices                |
1013  |Info:    ------------------------------------------------------
1022  |Info:    ------------------------------------------------------
1022  |Info:    |               Detecting I2C PCI devices            |
1022  |Info:    ------------------------------------------------------
1023  |Info:    ------------------------------------------------------
1023  |Info:    |               Detecting HID devices                |
1023  |Info:    ------------------------------------------------------
3590  |Info:    [G502 LIGHTSPEED Wireless Gaming Mouse] Registering RGB controller
3590  |Info:    ------------------------------------------------------
3590  |Info:    |            Detecting libusb HID devices            |
3590  |Info:    ------------------------------------------------------
3604  |Info:    ------------------------------------------------------
3604  |Info:    |              Detecting other devices               |
3604  |Info:    ------------------------------------------------------
3607  |Info:    ------------------------------------------------------
3607  |Info:    |                Detection completed                 |
3607  |Info:    ------------------------------------------------------
3607  |Dialog:  <h2>WARNING:</h2><p>One or more I2C/SMBus interfaces failed to initialize.</p><p>RGB DRAM modules and some motherboards' onboard RGB lighting will not be available without I2C/SMBus.</p><p>On Linux, this is usually because the i2c-dev module is not loaded.  You must load the i2c-dev module along with the correct i2c driver for your motherboard.  This is usually i2c-piix4 for AMD systems and i2c-i801 for Intel systems.</p><p>See <a href='https://help.openrgb.org/'>help.openrgb.org</a> for additional troubleshooting steps if you keep seeing this message.<br></p>
195025|Info:    ------------------------------------------------------
195025|Info:    |               Start device detection               |
195025|Info:    ------------------------------------------------------
195025|Info:    Initializing HID interfaces: Success
195036|Info:    ------------------------------------------------------
195036|Info:    |             Detecting I2C interfaces               |
195036|Info:    ------------------------------------------------------
195036|Info:    Registering I2C interface: /dev/i2c-3 Device 10DE:28A0 Subsystem: 1462:13CC
195036|Info:    Registering I2C interface: /dev/i2c-ELAN0305:00 Device 0000:0000 Subsystem: 0000:0000
195036|Info:    Registering I2C interface: /dev/i2c-4 Device 10DE:28A0 Subsystem: 1462:13CC
195036|Info:    Registering I2C interface: /dev/i2c-0 Device 10DE:28A0 Subsystem: 1462:13CC
195036|Info:    ------------------------------------------------------
195036|Info:    |               Detecting I2C devices                |
195036|Info:    ------------------------------------------------------
195040|Info:    ------------------------------------------------------
195040|Info:    |               Detecting I2C PCI devices            |
195040|Info:    ------------------------------------------------------
195041|Info:    ------------------------------------------------------
195041|Info:    |               Detecting HID devices                |
195041|Info:    ------------------------------------------------------
195516|Warning: [G502 LIGHTSPEED Wireless Gaming Mouse] Effect at index - 00 not added: Value 0204 unrecognised
195516|Warning: [G502 LIGHTSPEED Wireless Gaming Mouse] Effect at index - 03 not added: Value FF00 unrecognised
195516|Info:    [G502 LIGHTSPEED Wireless Gaming Mouse] Registering RGB controller
195516|Info:    ------------------------------------------------------
195516|Info:    |            Detecting libusb HID devices            |
195516|Info:    ------------------------------------------------------
195522|Info:    ------------------------------------------------------
195522|Info:    |              Detecting other devices               |
195522|Info:    ------------------------------------------------------
195524|Info:    ------------------------------------------------------
195524|Info:    |                Detection completed                 |
195524|Info:    ------------------------------------------------------
195524|Dialog:  <h2>WARNING:</h2><p>One or more I2C/SMBus interfaces failed to initialize.</p><p>RGB DRAM modules and some motherboards' onboard RGB lighting will not be available without I2C/SMBus.</p><p>On Linux, this is usually because the i2c-dev module is not loaded.  You must load the i2c-dev module along with the correct i2c driver for your motherboard.  This is usually i2c-piix4 for AMD systems and i2c-i801 for Intel systems.</p><p>See <a href='https://help.openrgb.org/'>help.openrgb.org</a> for additional troubleshooting steps if you keep seeing this message.<br></p>
348265|Info:    ------------------------------------------------------
348265|Info:    |               Start device detection               |
348265|Info:    ------------------------------------------------------
348266|Info:    Initializing HID interfaces: Success
348272|Info:    ------------------------------------------------------
348272|Info:    |             Detecting I2C interfaces               |
348272|Info:    ------------------------------------------------------
348272|Info:    Registering I2C interface: /dev/i2c-3 Device 10DE:28A0 Subsystem: 1462:13CC
348272|Info:    Registering I2C interface: /dev/i2c-ELAN0305:00 Device 0000:0000 Subsystem: 0000:0000
348273|Info:    Registering I2C interface: /dev/i2c-4 Device 10DE:28A0 Subsystem: 1462:13CC
348273|Info:    Registering I2C interface: /dev/i2c-0 Device 10DE:28A0 Subsystem: 1462:13CC
348273|Info:    ------------------------------------------------------
348273|Info:    |               Detecting I2C devices                |
348273|Info:    ------------------------------------------------------
348277|Info:    ------------------------------------------------------
348277|Info:    |               Detecting I2C PCI devices            |
348277|Info:    ------------------------------------------------------
348277|Info:    ------------------------------------------------------
348277|Info:    |               Detecting HID devices                |
348277|Info:    ------------------------------------------------------
349420|Info:    [G502 LIGHTSPEED Wireless Gaming Mouse] Registering RGB controller
349420|Info:    ------------------------------------------------------
349420|Info:    |            Detecting libusb HID devices            |
349420|Info:    ------------------------------------------------------
349427|Info:    ------------------------------------------------------
349427|Info:    |              Detecting other devices               |
349427|Info:    ------------------------------------------------------
349429|Info:    ------------------------------------------------------
349429|Info:    |                Detection completed                 |
349429|Info:    ------------------------------------------------------
349429|Dialog:  <h2>WARNING:</h2><p>One or more I2C/SMBus interfaces failed to initialize.</p><p>RGB DRAM modules and some motherboards' onboard RGB lighting will not be available without I2C/SMBus.</p><p>On Linux, this is usually because the i2c-dev module is not loaded.  You must load the i2c-dev module along with the correct i2c driver for your motherboard.  This is usually i2c-piix4 for AMD systems and i2c-i801 for Intel systems.</p><p>See <a href='https://help.openrgb.org/'>help.openrgb.org</a> for additional troubleshooting steps if you keep seeing this message.<br></p>
