    OpenRGB v0.9
    Commit:  from 
    Launched: 20250508_003446
====================================================================================================

1005  |Info:    Saving detector settings
1008  |Info:    ------------------------------------------------------
1008  |Info:    |               Start device detection               |
1008  |Info:    ------------------------------------------------------
1008  |Info:    Initializing HID interfaces: Success
1028  |Info:    ------------------------------------------------------
1028  |Info:    |             Detecting I2C interfaces               |
1028  |Info:    ------------------------------------------------------
1033  |Info:    Registering I2C interface: /dev/i2c-3 Device 10DE:28A0 Subsystem: 1462:13CC
1033  |Info:    Registering I2C interface: /dev/i2c-ELAN0305:00 Device 0000:0000 Subsystem: 0000:0000
1033  |Info:    Registering I2C interface: /dev/i2c-4 Device 10DE:28A0 Subsystem: 1462:13CC
1033  |Info:    Registering I2C interface: /dev/i2c-0 Device 10DE:28A0 Subsystem: 1462:13CC
1033  |Info:    ------------------------------------------------------
1033  |Info:    |               Detecting I2C devices                |
1033  |Info:    ------------------------------------------------------
1039  |Info:    ------------------------------------------------------
1039  |Info:    |               Detecting I2C PCI devices            |
1039  |Info:    ------------------------------------------------------
1039  |Info:    ------------------------------------------------------
1039  |Info:    |               Detecting HID devices                |
1039  |Info:    ------------------------------------------------------
7499  |Info:    [G502 LIGHTSPEED Wireless Gaming Mouse] Registering RGB controller
7499  |Info:    ------------------------------------------------------
7499  |Info:    |            Detecting libusb HID devices            |
7499  |Info:    ------------------------------------------------------
7530  |Info:    ------------------------------------------------------
7530  |Info:    |              Detecting other devices               |
7530  |Info:    ------------------------------------------------------
7543  |Info:    ------------------------------------------------------
7543  |Info:    |                Detection completed                 |
7543  |Info:    ------------------------------------------------------
7543  |Dialog:  <h2>WARNING:</h2><p>One or more I2C/SMBus interfaces failed to initialize.</p><p>RGB DRAM modules and some motherboards' onboard RGB lighting will not be available without I2C/SMBus.</p><p>On Linux, this is usually because the i2c-dev module is not loaded.  You must load the i2c-dev module along with the correct i2c driver for your motherboard.  This is usually i2c-piix4 for AMD systems and i2c-i801 for Intel systems.</p><p>See <a href='https://help.openrgb.org/'>help.openrgb.org</a> for additional troubleshooting steps if you keep seeing this message.<br></p>
74825 |Info:    Found file: uwu.orp attempting to validate header
74825 |Info:    Valid v4 profile found for uwu
428035|Info:    Found file: uwu.orp attempting to validate header
428035|Info:    Valid v4 profile found for uwu
