2025-05-27 19:16:41.998 [info] (Client) Pylance async client (2025.5.1) started with python extension (2025.6.1)
2025-05-27 19:16:42.568 [info] [Info  - 7:16:42 PM] (34438) Server root directory: file:///home/josh/.vscode/extensions/ms-python.vscode-pylance-2025.5.1/dist
2025-05-27 19:16:42.568 [info] [Info  - 7:16:42 PM] (34438) Pylance language server 2025.5.1 (pyright version 1.1.400, commit b962ffc2) starting
2025-05-27 19:16:42.576 [info] [Info  - 7:16:42 PM] (34438) Starting service instance "<default>" for workspace ""
2025-05-27 19:16:42.603 [info] [Info  - 7:16:42 PM] (34438) Setting environmentName for service "<default>": "3.13.3 (global)"
2025-05-27 19:16:42.603 [info] [Info  - 7:16:42 PM] (34438) Setting pythonPath for service "<default>": "/bin/python"
2025-05-27 19:16:42.604 [info] [Info  - 7:16:42 PM] (34438) No include entries specified; assuming /<default workspace root>
2025-05-27 19:16:42.604 [info] [Info  - 7:16:42 PM] (34438) Auto-excluding **/node_modules
2025-05-27 19:16:42.604 [info] [Info  - 7:16:42 PM] (34438) Auto-excluding **/__pycache__
2025-05-27 19:16:42.604 [info] [Info  - 7:16:42 PM] (34438) Auto-excluding **/.*
2025-05-27 19:16:42.621 [info] [Info  - 7:16:42 PM] (34438) Assuming Python version 3.13.3.final.0
2025-05-27 19:16:42.652 [info] [Error - 7:16:42 PM] (34438) File or directory "/<default workspace root>" does not exist.
2025-05-27 19:16:42.652 [info] [Info  - 7:16:42 PM] (34438) No source files found.
2025-05-27 19:16:42.687 [info] [Info  - 7:16:42 PM] (34438) Setting environmentName for service "<default>": "3.13.3 (global)"
2025-05-27 19:16:42.687 [info] [Info  - 7:16:42 PM] (34438) Setting pythonPath for service "<default>": "/bin/python"
2025-05-27 19:16:42.688 [info] [Info  - 7:16:42 PM] (34438) No include entries specified; assuming /<default workspace root>
2025-05-27 19:16:42.688 [info] [Info  - 7:16:42 PM] (34438) Auto-excluding **/node_modules
2025-05-27 19:16:42.688 [info] [Info  - 7:16:42 PM] (34438) Auto-excluding **/__pycache__
2025-05-27 19:16:42.688 [info] [Info  - 7:16:42 PM] (34438) Auto-excluding **/.*
2025-05-27 19:16:42.701 [info] [Info  - 7:16:42 PM] (34438) Assuming Python version 3.13.3.final.0
2025-05-27 19:16:42.727 [info] [Error - 7:16:42 PM] (34438) File or directory "/<default workspace root>" does not exist.
2025-05-27 19:16:42.727 [info] [Info  - 7:16:42 PM] (34438) No source files found.
2025-05-27 19:16:42.983 [info] [Info  - 7:16:42 PM] (34438) BG: Priority queue background worker(2) root directory: file:///home/josh/.vscode/extensions/ms-python.vscode-pylance-2025.5.1/dist
2025-05-27 19:16:42.983 [info] [Info  - 7:16:42 PM] (34438) BG: Priority queue background worker(2) started
