2025-05-18 00:27:28.007 [info] [main] Log level: Info
2025-05-18 00:27:28.007 [info] [main] Validating found git in: "git"
2025-05-18 00:27:28.007 [info] [main] Using git "2.49.0" from "git"
2025-05-18 00:27:28.007 [info] [Model][doInitialScan] Initial repository scan started
2025-05-18 00:27:28.007 [info] > git rev-parse --show-toplevel [29ms]
2025-05-18 00:27:28.007 [info] fatal: not a git repository (or any of the parent directories): .git
2025-05-18 00:27:28.007 [info] > git rev-parse --show-toplevel [11ms]
2025-05-18 00:27:28.007 [info] fatal: not a git repository (or any of the parent directories): .git
2025-05-18 00:27:28.008 [info] > git rev-parse --show-toplevel [1ms]
2025-05-18 00:27:28.008 [info] fatal: not a git repository (or any of the parent directories): .git
2025-05-18 00:27:28.011 [info] > git rev-parse --show-toplevel [1ms]
2025-05-18 00:27:28.011 [info] fatal: not a git repository (or any of the parent directories): .git
2025-05-18 00:27:28.017 [info] > git rev-parse --show-toplevel [1ms]
2025-05-18 00:27:28.017 [info] fatal: not a git repository (or any of the parent directories): .git
2025-05-18 00:27:28.021 [info] > git rev-parse --show-toplevel [1ms]
2025-05-18 00:27:28.021 [info] fatal: not a git repository (or any of the parent directories): .git
2025-05-18 00:27:28.024 [info] > git rev-parse --show-toplevel [1ms]
2025-05-18 00:27:28.024 [info] fatal: not a git repository (or any of the parent directories): .git
2025-05-18 00:27:28.028 [info] > git rev-parse --show-toplevel [1ms]
2025-05-18 00:27:28.028 [info] fatal: not a git repository (or any of the parent directories): .git
2025-05-18 00:27:28.031 [info] > git rev-parse --show-toplevel [1ms]
2025-05-18 00:27:28.031 [info] fatal: not a git repository (or any of the parent directories): .git
2025-05-18 00:27:28.034 [info] > git rev-parse --show-toplevel [0ms]
2025-05-18 00:27:28.034 [info] fatal: not a git repository (or any of the parent directories): .git
2025-05-18 00:27:28.038 [info] > git rev-parse --show-toplevel [1ms]
2025-05-18 00:27:28.038 [info] fatal: not a git repository (or any of the parent directories): .git
2025-05-18 00:27:28.064 [info] > git rev-parse --show-toplevel [22ms]
2025-05-18 00:27:28.064 [info] fatal: not a git repository (or any of the parent directories): .git
2025-05-18 00:27:28.067 [info] > git rev-parse --show-toplevel [0ms]
2025-05-18 00:27:28.067 [info] fatal: not a git repository (or any of the parent directories): .git
2025-05-18 00:27:28.070 [info] > git rev-parse --show-toplevel [0ms]
2025-05-18 00:27:28.070 [info] fatal: not a git repository (or any of the parent directories): .git
2025-05-18 00:27:28.072 [info] > git rev-parse --show-toplevel [0ms]
2025-05-18 00:27:28.072 [info] fatal: not a git repository (or any of the parent directories): .git
2025-05-18 00:27:28.075 [info] > git rev-parse --show-toplevel [0ms]
2025-05-18 00:27:28.075 [info] fatal: not a git repository (or any of the parent directories): .git
2025-05-18 00:27:28.078 [info] > git rev-parse --show-toplevel [1ms]
2025-05-18 00:27:28.078 [info] fatal: not a git repository (or any of the parent directories): .git
2025-05-18 00:27:28.081 [info] > git rev-parse --show-toplevel [0ms]
2025-05-18 00:27:28.081 [info] fatal: not a git repository (or any of the parent directories): .git
2025-05-18 00:27:28.084 [info] > git rev-parse --show-toplevel [0ms]
2025-05-18 00:27:28.084 [info] fatal: not a git repository (or any of the parent directories): .git
2025-05-18 00:27:28.086 [info] > git rev-parse --show-toplevel [0ms]
2025-05-18 00:27:28.086 [info] fatal: not a git repository (or any of the parent directories): .git
2025-05-18 00:27:28.089 [info] > git rev-parse --show-toplevel [1ms]
2025-05-18 00:27:28.089 [info] fatal: not a git repository (or any of the parent directories): .git
2025-05-18 00:27:28.097 [info] > git rev-parse --show-toplevel [6ms]
2025-05-18 00:27:28.097 [info] fatal: not a git repository (or any of the parent directories): .git
2025-05-18 00:27:28.101 [info] > git rev-parse --show-toplevel [2ms]
2025-05-18 00:27:28.101 [info] fatal: not a git repository (or any of the parent directories): .git
2025-05-18 00:27:28.103 [info] > git rev-parse --show-toplevel [0ms]
2025-05-18 00:27:28.103 [info] fatal: not a git repository (or any of the parent directories): .git
2025-05-18 00:27:28.106 [info] > git rev-parse --show-toplevel [0ms]
2025-05-18 00:27:28.106 [info] fatal: not a git repository (or any of the parent directories): .git
2025-05-18 00:27:28.109 [info] > git rev-parse --show-toplevel [0ms]
2025-05-18 00:27:28.109 [info] fatal: not a git repository (or any of the parent directories): .git
2025-05-18 00:27:28.112 [info] > git rev-parse --show-toplevel [1ms]
2025-05-18 00:27:28.112 [info] fatal: not a git repository (or any of the parent directories): .git
2025-05-18 00:27:28.115 [info] > git rev-parse --show-toplevel [1ms]
2025-05-18 00:27:28.115 [info] fatal: not a git repository (or any of the parent directories): .git
2025-05-18 00:27:28.117 [info] > git rev-parse --show-toplevel [0ms]
2025-05-18 00:27:28.117 [info] fatal: not a git repository (or any of the parent directories): .git
2025-05-18 00:27:28.120 [info] > git rev-parse --show-toplevel [0ms]
2025-05-18 00:27:28.120 [info] fatal: not a git repository (or any of the parent directories): .git
2025-05-18 00:27:28.123 [info] > git rev-parse --show-toplevel [0ms]
2025-05-18 00:27:28.123 [info] fatal: not a git repository (or any of the parent directories): .git
2025-05-18 00:27:28.127 [info] > git rev-parse --show-toplevel [1ms]
2025-05-18 00:27:28.127 [info] fatal: not a git repository (or any of the parent directories): .git
2025-05-18 00:27:28.138 [info] > git rev-parse --show-toplevel [7ms]
2025-05-18 00:27:28.138 [info] fatal: not a git repository (or any of the parent directories): .git
2025-05-18 00:27:28.146 [info] > git rev-parse --show-toplevel [1ms]
2025-05-18 00:27:28.146 [info] fatal: not a git repository (or any of the parent directories): .git
2025-05-18 00:27:28.150 [info] > git rev-parse --show-toplevel [1ms]
2025-05-18 00:27:28.150 [info] fatal: not a git repository (or any of the parent directories): .git
2025-05-18 00:27:28.153 [info] [Model][doInitialScan] Initial repository scan completed - repositories (0), closed repositories (0), parent repositories (0), unsafe repositories (0)
2025-05-18 00:27:29.945 [info] > git rev-parse --show-toplevel [2ms]
2025-05-18 00:27:29.945 [info] fatal: not a git repository (or any of the parent directories): .git
2025-05-18 00:27:32.612 [info] > git rev-parse --show-toplevel [1ms]
2025-05-18 00:27:32.612 [info] fatal: not a git repository (or any of the parent directories): .git
2025-05-18 00:27:35.124 [info] > git rev-parse --show-toplevel [1ms]
2025-05-18 00:27:35.124 [info] fatal: not a git repository (or any of the parent directories): .git
2025-05-18 00:29:53.927 [info] > git rev-parse --show-toplevel [1ms]
2025-05-18 00:29:53.927 [info] fatal: not a git repository (or any of the parent directories): .git
2025-05-18 15:31:33.781 [info] > git rev-parse --show-toplevel [1ms]
2025-05-18 15:31:33.781 [info] fatal: not a git repository (or any of the parent directories): .git
2025-05-18 15:31:34.592 [info] > git rev-parse --show-toplevel [1ms]
2025-05-18 15:31:34.592 [info] fatal: not a git repository (or any of the parent directories): .git
2025-05-18 15:31:36.300 [info] > git rev-parse --show-toplevel [1ms]
2025-05-18 15:31:36.300 [info] fatal: not a git repository (or any of the parent directories): .git
2025-05-18 15:31:41.041 [info] > git rev-parse --show-toplevel [1ms]
2025-05-18 15:31:41.041 [info] fatal: not a git repository (or any of the parent directories): .git
