2025-05-18 18:33:13.834 [info] [main] Log level: Info
2025-05-18 18:33:13.834 [info] [main] Validating found git in: "git"
2025-05-18 18:33:13.834 [info] [main] Using git "2.49.0" from "git"
2025-05-18 18:33:13.834 [info] [Model][doInitialScan] Initial repository scan started
2025-05-18 18:33:13.834 [info] > git rev-parse --show-toplevel [31ms]
2025-05-18 18:33:13.834 [info] fatal: not a git repository (or any of the parent directories): .git
2025-05-18 18:33:13.834 [info] > git rev-parse --show-toplevel [13ms]
2025-05-18 18:33:13.834 [info] fatal: not a git repository (or any of the parent directories): .git
2025-05-18 18:33:13.834 [info] > git rev-parse --show-toplevel [1ms]
2025-05-18 18:33:13.834 [info] fatal: not a git repository (or any of the parent directories): .git
2025-05-18 18:33:13.837 [info] > git rev-parse --show-toplevel [1ms]
2025-05-18 18:33:13.837 [info] fatal: not a git repository (or any of the parent directories): .git
2025-05-18 18:33:13.841 [info] > git rev-parse --show-toplevel [1ms]
2025-05-18 18:33:13.841 [info] fatal: not a git repository (or any of the parent directories): .git
2025-05-18 18:33:13.844 [info] > git rev-parse --show-toplevel [0ms]
2025-05-18 18:33:13.844 [info] fatal: not a git repository (or any of the parent directories): .git
2025-05-18 18:33:13.847 [info] > git rev-parse --show-toplevel [1ms]
2025-05-18 18:33:13.847 [info] fatal: not a git repository (or any of the parent directories): .git
2025-05-18 18:33:13.849 [info] > git rev-parse --show-toplevel [0ms]
2025-05-18 18:33:13.850 [info] fatal: not a git repository (or any of the parent directories): .git
2025-05-18 18:33:13.852 [info] > git rev-parse --show-toplevel [0ms]
2025-05-18 18:33:13.852 [info] fatal: not a git repository (or any of the parent directories): .git
2025-05-18 18:33:13.855 [info] > git rev-parse --show-toplevel [1ms]
2025-05-18 18:33:13.855 [info] fatal: not a git repository (or any of the parent directories): .git
2025-05-18 18:33:13.858 [info] > git rev-parse --show-toplevel [1ms]
2025-05-18 18:33:13.858 [info] fatal: not a git repository (or any of the parent directories): .git
2025-05-18 18:33:13.861 [info] > git rev-parse --show-toplevel [1ms]
2025-05-18 18:33:13.861 [info] fatal: not a git repository (or any of the parent directories): .git
2025-05-18 18:33:13.864 [info] > git rev-parse --show-toplevel [1ms]
2025-05-18 18:33:13.864 [info] fatal: not a git repository (or any of the parent directories): .git
2025-05-18 18:33:13.867 [info] > git rev-parse --show-toplevel [0ms]
2025-05-18 18:33:13.867 [info] fatal: not a git repository (or any of the parent directories): .git
2025-05-18 18:33:13.870 [info] > git rev-parse --show-toplevel [0ms]
2025-05-18 18:33:13.870 [info] fatal: not a git repository (or any of the parent directories): .git
2025-05-18 18:33:13.893 [info] > git rev-parse --show-toplevel [21ms]
2025-05-18 18:33:13.893 [info] fatal: not a git repository (or any of the parent directories): .git
2025-05-18 18:33:13.896 [info] > git rev-parse --show-toplevel [0ms]
2025-05-18 18:33:13.896 [info] fatal: not a git repository (or any of the parent directories): .git
2025-05-18 18:33:13.899 [info] > git rev-parse --show-toplevel [0ms]
2025-05-18 18:33:13.899 [info] fatal: not a git repository (or any of the parent directories): .git
2025-05-18 18:33:13.902 [info] > git rev-parse --show-toplevel [1ms]
2025-05-18 18:33:13.902 [info] fatal: not a git repository (or any of the parent directories): .git
2025-05-18 18:33:13.905 [info] > git rev-parse --show-toplevel [1ms]
2025-05-18 18:33:13.905 [info] fatal: not a git repository (or any of the parent directories): .git
2025-05-18 18:33:13.907 [info] > git rev-parse --show-toplevel [1ms]
2025-05-18 18:33:13.907 [info] fatal: not a git repository (or any of the parent directories): .git
2025-05-18 18:33:13.910 [info] > git rev-parse --show-toplevel [1ms]
2025-05-18 18:33:13.910 [info] fatal: not a git repository (or any of the parent directories): .git
2025-05-18 18:33:13.912 [info] > git rev-parse --show-toplevel [0ms]
2025-05-18 18:33:13.912 [info] fatal: not a git repository (or any of the parent directories): .git
2025-05-18 18:33:13.920 [info] > git rev-parse --show-toplevel [5ms]
2025-05-18 18:33:13.920 [info] fatal: not a git repository (or any of the parent directories): .git
2025-05-18 18:33:13.924 [info] > git rev-parse --show-toplevel [1ms]
2025-05-18 18:33:13.924 [info] fatal: not a git repository (or any of the parent directories): .git
2025-05-18 18:33:13.927 [info] > git rev-parse --show-toplevel [1ms]
2025-05-18 18:33:13.927 [info] fatal: not a git repository (or any of the parent directories): .git
2025-05-18 18:33:13.929 [info] > git rev-parse --show-toplevel [0ms]
2025-05-18 18:33:13.929 [info] fatal: not a git repository (or any of the parent directories): .git
2025-05-18 18:33:13.932 [info] > git rev-parse --show-toplevel [1ms]
2025-05-18 18:33:13.932 [info] fatal: not a git repository (or any of the parent directories): .git
2025-05-18 18:33:13.934 [info] > git rev-parse --show-toplevel [0ms]
2025-05-18 18:33:13.934 [info] fatal: not a git repository (or any of the parent directories): .git
2025-05-18 18:33:13.937 [info] > git rev-parse --show-toplevel [1ms]
2025-05-18 18:33:13.937 [info] fatal: not a git repository (or any of the parent directories): .git
2025-05-18 18:33:13.939 [info] > git rev-parse --show-toplevel [0ms]
2025-05-18 18:33:13.939 [info] fatal: not a git repository (or any of the parent directories): .git
2025-05-18 18:33:13.942 [info] > git rev-parse --show-toplevel [0ms]
2025-05-18 18:33:13.942 [info] fatal: not a git repository (or any of the parent directories): .git
2025-05-18 18:33:13.945 [info] > git rev-parse --show-toplevel [1ms]
2025-05-18 18:33:13.945 [info] fatal: not a git repository (or any of the parent directories): .git
2025-05-18 18:33:13.947 [info] > git rev-parse --show-toplevel [1ms]
2025-05-18 18:33:13.947 [info] fatal: not a git repository (or any of the parent directories): .git
2025-05-18 18:33:13.949 [info] > git rev-parse --show-toplevel [1ms]
2025-05-18 18:33:13.949 [info] fatal: not a git repository (or any of the parent directories): .git
2025-05-18 18:33:13.950 [info] [Model][doInitialScan] Initial repository scan completed - repositories (0), closed repositories (0), parent repositories (0), unsafe repositories (0)
2025-05-18 18:33:15.657 [info] > git rev-parse --show-toplevel [1ms]
2025-05-18 18:33:15.657 [info] fatal: not a git repository (or any of the parent directories): .git
2025-05-18 18:33:16.786 [info] > git rev-parse --show-toplevel [1ms]
2025-05-18 18:33:16.786 [info] fatal: not a git repository (or any of the parent directories): .git
2025-05-18 18:33:22.073 [info] > git rev-parse --show-toplevel [1ms]
2025-05-18 18:33:22.073 [info] fatal: not a git repository (or any of the parent directories): .git
