2025-05-19 21:49:09.956 [info] [main] Log level: Info
2025-05-19 21:49:09.956 [info] [main] Validating found git in: "git"
2025-05-19 21:49:09.956 [info] [main] Using git "2.49.0" from "git"
2025-05-19 21:49:09.956 [info] [Model][doInitialScan] Initial repository scan started
2025-05-19 21:49:09.956 [info] > git rev-parse --show-toplevel [15ms]
2025-05-19 21:49:09.956 [info] fatal: not a git repository (or any of the parent directories): .git
2025-05-19 21:49:09.956 [info] > git rev-parse --show-toplevel [8ms]
2025-05-19 21:49:09.956 [info] fatal: not a git repository (or any of the parent directories): .git
2025-05-19 21:49:09.962 [info] > git rev-parse --show-toplevel [1ms]
2025-05-19 21:49:09.962 [info] fatal: not a git repository (or any of the parent directories): .git
2025-05-19 21:49:09.965 [info] > git rev-parse --show-toplevel [1ms]
2025-05-19 21:49:09.965 [info] fatal: not a git repository (or any of the parent directories): .git
2025-05-19 21:49:09.968 [info] > git rev-parse --show-toplevel [1ms]
2025-05-19 21:49:09.968 [info] fatal: not a git repository (or any of the parent directories): .git
2025-05-19 21:49:09.990 [info] > git rev-parse --show-toplevel [19ms]
2025-05-19 21:49:09.990 [info] fatal: not a git repository (or any of the parent directories): .git
2025-05-19 21:49:09.994 [info] > git rev-parse --show-toplevel [1ms]
2025-05-19 21:49:09.994 [info] fatal: not a git repository (or any of the parent directories): .git
2025-05-19 21:49:09.998 [info] > git rev-parse --show-toplevel [1ms]
2025-05-19 21:49:09.998 [info] fatal: not a git repository (or any of the parent directories): .git
2025-05-19 21:49:10.001 [info] > git rev-parse --show-toplevel [1ms]
2025-05-19 21:49:10.001 [info] fatal: not a git repository (or any of the parent directories): .git
2025-05-19 21:49:10.004 [info] > git rev-parse --show-toplevel [1ms]
2025-05-19 21:49:10.004 [info] fatal: not a git repository (or any of the parent directories): .git
2025-05-19 21:49:10.007 [info] > git rev-parse --show-toplevel [1ms]
2025-05-19 21:49:10.007 [info] fatal: not a git repository (or any of the parent directories): .git
2025-05-19 21:49:10.010 [info] > git rev-parse --show-toplevel [1ms]
2025-05-19 21:49:10.010 [info] fatal: not a git repository (or any of the parent directories): .git
2025-05-19 21:49:10.013 [info] > git rev-parse --show-toplevel [1ms]
2025-05-19 21:49:10.013 [info] fatal: not a git repository (or any of the parent directories): .git
2025-05-19 21:49:10.016 [info] > git rev-parse --show-toplevel [1ms]
2025-05-19 21:49:10.016 [info] fatal: not a git repository (or any of the parent directories): .git
2025-05-19 21:49:10.019 [info] > git rev-parse --show-toplevel [1ms]
2025-05-19 21:49:10.019 [info] fatal: not a git repository (or any of the parent directories): .git
2025-05-19 21:49:10.023 [info] > git rev-parse --show-toplevel [1ms]
2025-05-19 21:49:10.023 [info] fatal: not a git repository (or any of the parent directories): .git
2025-05-19 21:49:10.026 [info] > git rev-parse --show-toplevel [0ms]
2025-05-19 21:49:10.027 [info] fatal: not a git repository (or any of the parent directories): .git
2025-05-19 21:49:10.030 [info] > git rev-parse --show-toplevel [1ms]
2025-05-19 21:49:10.030 [info] fatal: not a git repository (or any of the parent directories): .git
2025-05-19 21:49:10.033 [info] > git rev-parse --show-toplevel [1ms]
2025-05-19 21:49:10.033 [info] fatal: not a git repository (or any of the parent directories): .git
2025-05-19 21:49:10.039 [info] > git rev-parse --show-toplevel [4ms]
2025-05-19 21:49:10.039 [info] fatal: not a git repository (or any of the parent directories): .git
2025-05-19 21:49:10.044 [info] > git rev-parse --show-toplevel [2ms]
2025-05-19 21:49:10.044 [info] fatal: not a git repository (or any of the parent directories): .git
2025-05-19 21:49:10.047 [info] > git rev-parse --show-toplevel [1ms]
2025-05-19 21:49:10.047 [info] fatal: not a git repository (or any of the parent directories): .git
2025-05-19 21:49:10.049 [info] > git rev-parse --show-toplevel [0ms]
2025-05-19 21:49:10.049 [info] fatal: not a git repository (or any of the parent directories): .git
2025-05-19 21:49:10.052 [info] > git rev-parse --show-toplevel [0ms]
2025-05-19 21:49:10.052 [info] fatal: not a git repository (or any of the parent directories): .git
2025-05-19 21:49:10.055 [info] > git rev-parse --show-toplevel [0ms]
2025-05-19 21:49:10.055 [info] fatal: not a git repository (or any of the parent directories): .git
2025-05-19 21:49:10.058 [info] > git rev-parse --show-toplevel [0ms]
2025-05-19 21:49:10.058 [info] fatal: not a git repository (or any of the parent directories): .git
2025-05-19 21:49:10.061 [info] > git rev-parse --show-toplevel [0ms]
2025-05-19 21:49:10.061 [info] fatal: not a git repository (or any of the parent directories): .git
2025-05-19 21:49:10.064 [info] > git rev-parse --show-toplevel [1ms]
2025-05-19 21:49:10.064 [info] fatal: not a git repository (or any of the parent directories): .git
2025-05-19 21:49:10.066 [info] > git rev-parse --show-toplevel [0ms]
2025-05-19 21:49:10.066 [info] fatal: not a git repository (or any of the parent directories): .git
2025-05-19 21:49:10.069 [info] > git rev-parse --show-toplevel [0ms]
2025-05-19 21:49:10.069 [info] fatal: not a git repository (or any of the parent directories): .git
2025-05-19 21:49:10.072 [info] > git rev-parse --show-toplevel [0ms]
2025-05-19 21:49:10.072 [info] fatal: not a git repository (or any of the parent directories): .git
2025-05-19 21:49:10.075 [info] > git rev-parse --show-toplevel [0ms]
2025-05-19 21:49:10.075 [info] fatal: not a git repository (or any of the parent directories): .git
2025-05-19 21:49:10.078 [info] > git rev-parse --show-toplevel [0ms]
2025-05-19 21:49:10.078 [info] fatal: not a git repository (or any of the parent directories): .git
2025-05-19 21:49:10.081 [info] > git rev-parse --show-toplevel [0ms]
2025-05-19 21:49:10.081 [info] fatal: not a git repository (or any of the parent directories): .git
2025-05-19 21:49:10.087 [info] > git rev-parse --show-toplevel [3ms]
2025-05-19 21:49:10.087 [info] fatal: not a git repository (or any of the parent directories): .git
2025-05-19 21:49:10.089 [info] [Model][doInitialScan] Initial repository scan completed - repositories (0), closed repositories (0), parent repositories (0), unsafe repositories (0)
2025-05-19 21:49:11.894 [info] > git rev-parse --show-toplevel [2ms]
2025-05-19 21:49:11.894 [info] fatal: not a git repository (or any of the parent directories): .git
2025-05-19 21:49:15.808 [info] > git rev-parse --show-toplevel [0ms]
2025-05-19 21:49:15.808 [info] fatal: not a git repository (or any of the parent directories): .git
2025-05-19 21:49:18.915 [info] > git rev-parse --show-toplevel [0ms]
2025-05-19 21:49:18.915 [info] fatal: not a git repository (or any of the parent directories): .git
2025-05-19 21:49:22.874 [info] > git rev-parse --show-toplevel [1ms]
2025-05-19 21:49:22.874 [info] fatal: not a git repository (or any of the parent directories): .git
