2025-05-12 22:50:55.248 [info] [main] Log level: Info
2025-05-12 22:50:55.248 [info] [main] Validating found git in: "git"
2025-05-12 22:50:55.248 [info] [main] Using git "2.49.0" from "git"
2025-05-12 22:50:55.248 [info] [Model][doInitialScan] Initial repository scan started
2025-05-12 22:50:55.248 [info] > git rev-parse --show-toplevel [76ms]
2025-05-12 22:50:55.248 [info] fatal: not a git repository (or any of the parent directories): .git
2025-05-12 22:50:55.248 [info] > git rev-parse --show-toplevel [3ms]
2025-05-12 22:50:55.248 [info] fatal: not a git repository (or any of the parent directories): .git
2025-05-12 22:50:55.248 [info] > git rev-parse --show-toplevel [11ms]
2025-05-12 22:50:55.248 [info] fatal: not a git repository (or any of the parent directories): .git
2025-05-12 22:50:55.248 [info] > git rev-parse --show-toplevel [1ms]
2025-05-12 22:50:55.248 [info] fatal: not a git repository (or any of the parent directories): .git
2025-05-12 22:50:55.252 [info] > git rev-parse --show-toplevel [1ms]
2025-05-12 22:50:55.252 [info] fatal: not a git repository (or any of the parent directories): .git
2025-05-12 22:50:55.256 [info] > git rev-parse --show-toplevel [0ms]
2025-05-12 22:50:55.256 [info] fatal: not a git repository (or any of the parent directories): .git
2025-05-12 22:50:55.259 [info] > git rev-parse --show-toplevel [0ms]
2025-05-12 22:50:55.259 [info] fatal: not a git repository (or any of the parent directories): .git
2025-05-12 22:50:55.263 [info] > git rev-parse --show-toplevel [1ms]
2025-05-12 22:50:55.263 [info] fatal: not a git repository (or any of the parent directories): .git
2025-05-12 22:50:55.266 [info] > git rev-parse --show-toplevel [1ms]
2025-05-12 22:50:55.266 [info] fatal: not a git repository (or any of the parent directories): .git
2025-05-12 22:50:55.269 [info] > git rev-parse --show-toplevel [1ms]
2025-05-12 22:50:55.269 [info] fatal: not a git repository (or any of the parent directories): .git
2025-05-12 22:50:55.272 [info] > git rev-parse --show-toplevel [1ms]
2025-05-12 22:50:55.272 [info] fatal: not a git repository (or any of the parent directories): .git
2025-05-12 22:50:55.275 [info] > git rev-parse --show-toplevel [1ms]
2025-05-12 22:50:55.275 [info] fatal: not a git repository (or any of the parent directories): .git
2025-05-12 22:50:55.278 [info] > git rev-parse --show-toplevel [1ms]
2025-05-12 22:50:55.278 [info] fatal: not a git repository (or any of the parent directories): .git
2025-05-12 22:50:55.282 [info] > git rev-parse --show-toplevel [1ms]
2025-05-12 22:50:55.282 [info] fatal: not a git repository (or any of the parent directories): .git
2025-05-12 22:50:55.309 [info] > git rev-parse --show-toplevel [24ms]
2025-05-12 22:50:55.310 [info] fatal: not a git repository (or any of the parent directories): .git
2025-05-12 22:50:55.314 [info] > git rev-parse --show-toplevel [1ms]
2025-05-12 22:50:55.314 [info] fatal: not a git repository (or any of the parent directories): .git
2025-05-12 22:50:55.317 [info] > git rev-parse --show-toplevel [1ms]
2025-05-12 22:50:55.317 [info] fatal: not a git repository (or any of the parent directories): .git
2025-05-12 22:50:55.320 [info] > git rev-parse --show-toplevel [0ms]
2025-05-12 22:50:55.320 [info] fatal: not a git repository (or any of the parent directories): .git
2025-05-12 22:50:55.323 [info] > git rev-parse --show-toplevel [1ms]
2025-05-12 22:50:55.323 [info] fatal: not a git repository (or any of the parent directories): .git
2025-05-12 22:50:55.326 [info] > git rev-parse --show-toplevel [1ms]
2025-05-12 22:50:55.326 [info] fatal: not a git repository (or any of the parent directories): .git
2025-05-12 22:50:55.329 [info] > git rev-parse --show-toplevel [1ms]
2025-05-12 22:50:55.329 [info] fatal: not a git repository (or any of the parent directories): .git
2025-05-12 22:50:55.336 [info] > git rev-parse --show-toplevel [5ms]
2025-05-12 22:50:55.336 [info] fatal: not a git repository (or any of the parent directories): .git
2025-05-12 22:50:55.341 [info] > git rev-parse --show-toplevel [1ms]
2025-05-12 22:50:55.341 [info] fatal: not a git repository (or any of the parent directories): .git
2025-05-12 22:50:55.344 [info] > git rev-parse --show-toplevel [1ms]
2025-05-12 22:50:55.344 [info] fatal: not a git repository (or any of the parent directories): .git
2025-05-12 22:50:55.347 [info] > git rev-parse --show-toplevel [1ms]
2025-05-12 22:50:55.347 [info] fatal: not a git repository (or any of the parent directories): .git
2025-05-12 22:50:55.350 [info] > git rev-parse --show-toplevel [1ms]
2025-05-12 22:50:55.350 [info] fatal: not a git repository (or any of the parent directories): .git
2025-05-12 22:50:55.353 [info] > git rev-parse --show-toplevel [1ms]
2025-05-12 22:50:55.353 [info] fatal: not a git repository (or any of the parent directories): .git
2025-05-12 22:50:55.355 [info] > git rev-parse --show-toplevel [0ms]
2025-05-12 22:50:55.355 [info] fatal: not a git repository (or any of the parent directories): .git
2025-05-12 22:50:55.358 [info] > git rev-parse --show-toplevel [1ms]
2025-05-12 22:50:55.358 [info] fatal: not a git repository (or any of the parent directories): .git
2025-05-12 22:50:55.361 [info] > git rev-parse --show-toplevel [1ms]
2025-05-12 22:50:55.361 [info] fatal: not a git repository (or any of the parent directories): .git
2025-05-12 22:50:55.364 [info] > git rev-parse --show-toplevel [1ms]
2025-05-12 22:50:55.364 [info] fatal: not a git repository (or any of the parent directories): .git
2025-05-12 22:50:55.365 [info] [Model][doInitialScan] Initial repository scan completed - repositories (0), closed repositories (0), parent repositories (0), unsafe repositories (0)
2025-05-12 22:50:57.135 [info] > git rev-parse --show-toplevel [1ms]
2025-05-12 22:50:57.135 [info] fatal: not a git repository (or any of the parent directories): .git
